<?xml version="1.0" encoding="UTF-8"?>
<!-- Generated by org.testng.reporters.JUnitXMLReporter -->
<testsuite ignored="0" hostname="APARNA" failures="0" tests="12" name="TutorialsNinja TestCases" time="73.543" errors="0" timestamp="2026-03-23T22:37:10 IST">
  <testcase classname="com.tutorialsninja.qa.testcases.Register" name="verifyRegisteringAccountWithMandatoryField" time="4.141"/>
  <testcase classname="com.tutorialsninja.qa.testcases.Register" name="verifyRegisteringAccountByProvidingAllFields" time="2.428"/>
  <testcase classname="com.tutorialsninja.qa.testcases.Register" name="verifyRegisteringAccountWithExistingEmailAddress" time="2.038"/>
  <testcase classname="com.tutorialsninja.qa.testcases.Register" name="verifyRegisteringAccountWithoutFilingAnyDetails" time="1.273"/>
  <testcase classname="com.tutorialsninja.qa.testcases.Login" name="verifyLoginWithValidCredentials" time="1.526"/>
  <testcase classname="com.tutorialsninja.qa.testcases.Login" name="verifyLoginWithInvalidCredentials" time="1.295"/>
  <testcase classname="com.tutorialsninja.qa.testcases.Login" name="verifyLoginWithInvalidEmailAndValidPassword" time="2.069"/>
  <testcase classname="com.tutorialsninja.qa.testcases.Login" name="verifyLoginWithValidEmailAndInvalidPassword" time="1.22"/>
  <testcase classname="com.tutorialsninja.qa.testcases.Login" name="verifyLoginWithEmptyCredentials" time="0.954"/>
  <testcase classname="com.tutorialsninja.qa.testcases.Search" name="verifySearchWithValidProduct" time="0.548"/>
  <testcase classname="com.tutorialsninja.qa.testcases.Search" name="verifySearchWithInvalidProduct" time="0.511"/>
  <testcase classname="com.tutorialsninja.qa.testcases.Search" name="verifySearchWithoutAnyProduct" time="0.386"/>
</testsuite> <!-- TutorialsNinja TestCases -->
