<?xml version="1.0" encoding="UTF-8"?>
<testng-results ignored="0" total="12" passed="12" failed="0" skipped="0">
  <reporter-output>
  </reporter-output>
  <suite started-at="2026-03-23T22:35:56 IST" name="TutorialsNinja Automation Suite" finished-at="2026-03-23T22:37:09 IST" duration-ms="73543">
    <groups>
    </groups>
    <test started-at="2026-03-23T22:35:56 IST" name="TutorialsNinja TestCases" finished-at="2026-03-23T22:37:09 IST" duration-ms="73543">
      <class name="com.tutorialsninja.qa.testcases.Search">
        <test-method is-config="true" signature="setup()[pri:0, instance:com.tutorialsninja.qa.testcases.Search@2aceadd4]" started-at="2026-03-23T22:36:58 IST" name="setup" finished-at="2026-03-23T22:37:00 IST" duration-ms="1925" status="PASS">
          <reporter-output>
          </reporter-output>
        </test-method> <!-- setup -->
        <test-method signature="verifySearchWithValidProduct()[pri:1, instance:com.tutorialsninja.qa.testcases.Search@2aceadd4]" started-at="2026-03-23T22:37:00 IST" name="verifySearchWithValidProduct" finished-at="2026-03-23T22:37:01 IST" duration-ms="548" status="PASS">
          <reporter-output>
          </reporter-output>
        </test-method> <!-- verifySearchWithValidProduct -->
        <test-method is-config="true" signature="tearDown()[pri:0, instance:com.tutorialsninja.qa.testcases.Search@2aceadd4]" started-at="2026-03-23T22:37:01 IST" name="tearDown" finished-at="2026-03-23T22:37:02 IST" duration-ms="1319" status="PASS">
          <reporter-output>
          </reporter-output>
        </test-method> <!-- tearDown -->
        <test-method is-config="true" signature="setup()[pri:0, instance:com.tutorialsninja.qa.testcases.Search@2aceadd4]" started-at="2026-03-23T22:37:02 IST" name="setup" finished-at="2026-03-23T22:37:04 IST" duration-ms="1813" status="PASS">
          <reporter-output>
          </reporter-output>
        </test-method> <!-- setup -->
        <test-method signature="verifySearchWithInvalidProduct()[pri:2, instance:com.tutorialsninja.qa.testcases.Search@2aceadd4]" started-at="2026-03-23T22:37:04 IST" name="verifySearchWithInvalidProduct" finished-at="2026-03-23T22:37:04 IST" duration-ms="511" status="PASS">
          <reporter-output>
          </reporter-output>
        </test-method> <!-- verifySearchWithInvalidProduct -->
        <test-method is-config="true" signature="tearDown()[pri:0, instance:com.tutorialsninja.qa.testcases.Search@2aceadd4]" started-at="2026-03-23T22:37:04 IST" name="tearDown" finished-at="2026-03-23T22:37:06 IST" duration-ms="1245" status="PASS">
          <reporter-output>
          </reporter-output>
        </test-method> <!-- tearDown -->
        <test-method is-config="true" signature="setup()[pri:0, instance:com.tutorialsninja.qa.testcases.Search@2aceadd4]" started-at="2026-03-23T22:37:06 IST" name="setup" finished-at="2026-03-23T22:37:07 IST" duration-ms="1898" status="PASS">
          <reporter-output>
          </reporter-output>
        </test-method> <!-- setup -->
        <test-method signature="verifySearchWithoutAnyProduct()[pri:3, instance:com.tutorialsninja.qa.testcases.Search@2aceadd4]" started-at="2026-03-23T22:37:07 IST" name="verifySearchWithoutAnyProduct" finished-at="2026-03-23T22:37:08 IST" duration-ms="386" status="PASS">
          <reporter-output>
          </reporter-output>
        </test-method> <!-- verifySearchWithoutAnyProduct -->
        <test-method is-config="true" signature="tearDown()[pri:0, instance:com.tutorialsninja.qa.testcases.Search@2aceadd4]" started-at="2026-03-23T22:37:08 IST" name="tearDown" finished-at="2026-03-23T22:37:09 IST" duration-ms="1257" status="PASS">
          <reporter-output>
          </reporter-output>
        </test-method> <!-- tearDown -->
      </class> <!-- com.tutorialsninja.qa.testcases.Search -->
      <class name="com.tutorialsninja.qa.testcases.Register">
        <test-method is-config="true" signature="setup()[pri:0, instance:com.tutorialsninja.qa.testcases.Register@1165b38]" started-at="2026-03-23T22:35:56 IST" name="setup" finished-at="2026-03-23T22:36:04 IST" duration-ms="7735" status="PASS">
          <reporter-output>
          </reporter-output>
        </test-method> <!-- setup -->
        <test-method signature="verifyRegisteringAccountWithMandatoryField()[pri:1, instance:com.tutorialsninja.qa.testcases.Register@1165b38]" started-at="2026-03-23T22:36:04 IST" name="verifyRegisteringAccountWithMandatoryField" finished-at="2026-03-23T22:36:08 IST" duration-ms="4141" status="PASS">
          <reporter-output>
          </reporter-output>
        </test-method> <!-- verifyRegisteringAccountWithMandatoryField -->
        <test-method is-config="true" signature="tearDown()[pri:0, instance:com.tutorialsninja.qa.testcases.Register@1165b38]" started-at="2026-03-23T22:36:08 IST" name="tearDown" finished-at="2026-03-23T22:36:09 IST" duration-ms="1265" status="PASS">
          <reporter-output>
          </reporter-output>
        </test-method> <!-- tearDown -->
        <test-method is-config="true" signature="setup()[pri:0, instance:com.tutorialsninja.qa.testcases.Register@1165b38]" started-at="2026-03-23T22:36:09 IST" name="setup" finished-at="2026-03-23T22:36:15 IST" duration-ms="5526" status="PASS">
          <reporter-output>
          </reporter-output>
        </test-method> <!-- setup -->
        <test-method signature="verifyRegisteringAccountByProvidingAllFields()[pri:2, instance:com.tutorialsninja.qa.testcases.Register@1165b38]" started-at="2026-03-23T22:36:15 IST" name="verifyRegisteringAccountByProvidingAllFields" finished-at="2026-03-23T22:36:17 IST" duration-ms="2428" status="PASS">
          <reporter-output>
          </reporter-output>
        </test-method> <!-- verifyRegisteringAccountByProvidingAllFields -->
        <test-method is-config="true" signature="tearDown()[pri:0, instance:com.tutorialsninja.qa.testcases.Register@1165b38]" started-at="2026-03-23T22:36:17 IST" name="tearDown" finished-at="2026-03-23T22:36:18 IST" duration-ms="1259" status="PASS">
          <reporter-output>
          </reporter-output>
        </test-method> <!-- tearDown -->
        <test-method is-config="true" signature="setup()[pri:0, instance:com.tutorialsninja.qa.testcases.Register@1165b38]" started-at="2026-03-23T22:36:18 IST" name="setup" finished-at="2026-03-23T22:36:21 IST" duration-ms="2969" status="PASS">
          <reporter-output>
          </reporter-output>
        </test-method> <!-- setup -->
        <test-method signature="verifyRegisteringAccountWithExistingEmailAddress()[pri:3, instance:com.tutorialsninja.qa.testcases.Register@1165b38]" started-at="2026-03-23T22:36:21 IST" name="verifyRegisteringAccountWithExistingEmailAddress" finished-at="2026-03-23T22:36:23 IST" duration-ms="2038" status="PASS">
          <reporter-output>
          </reporter-output>
        </test-method> <!-- verifyRegisteringAccountWithExistingEmailAddress -->
        <test-method is-config="true" signature="tearDown()[pri:0, instance:com.tutorialsninja.qa.testcases.Register@1165b38]" started-at="2026-03-23T22:36:23 IST" name="tearDown" finished-at="2026-03-23T22:36:25 IST" duration-ms="1335" status="PASS">
          <reporter-output>
          </reporter-output>
        </test-method> <!-- tearDown -->
        <test-method is-config="true" signature="setup()[pri:0, instance:com.tutorialsninja.qa.testcases.Register@1165b38]" started-at="2026-03-23T22:36:25 IST" name="setup" finished-at="2026-03-23T22:36:27 IST" duration-ms="2825" status="PASS">
          <reporter-output>
          </reporter-output>
        </test-method> <!-- setup -->
        <test-method signature="verifyRegisteringAccountWithoutFilingAnyDetails()[pri:4, instance:com.tutorialsninja.qa.testcases.Register@1165b38]" started-at="2026-03-23T22:36:27 IST" name="verifyRegisteringAccountWithoutFilingAnyDetails" finished-at="2026-03-23T22:36:29 IST" duration-ms="1273" status="PASS">
          <reporter-output>
          </reporter-output>
        </test-method> <!-- verifyRegisteringAccountWithoutFilingAnyDetails -->
        <test-method is-config="true" signature="tearDown()[pri:0, instance:com.tutorialsninja.qa.testcases.Register@1165b38]" started-at="2026-03-23T22:36:29 IST" name="tearDown" finished-at="2026-03-23T22:36:30 IST" duration-ms="1255" status="PASS">
          <reporter-output>
          </reporter-output>
        </test-method> <!-- tearDown -->
      </class> <!-- com.tutorialsninja.qa.testcases.Register -->
      <class name="com.tutorialsninja.qa.testcases.Login">
        <test-method is-config="true" signature="setup()[pri:0, instance:com.tutorialsninja.qa.testcases.Login@24269709]" started-at="2026-03-23T22:36:31 IST" name="setup" finished-at="2026-03-23T22:36:33 IST" duration-ms="2537" status="PASS">
          <reporter-output>
          </reporter-output>
        </test-method> <!-- setup -->
        <test-method signature="verifyLoginWithValidCredentials(java.lang.String,java.lang.String)[pri:1, instance:com.tutorialsninja.qa.testcases.Login@24269709]" started-at="2026-03-23T22:36:33 IST" name="verifyLoginWithValidCredentials" data-provider="validCredentialsSupplier" finished-at="2026-03-23T22:36:35 IST" duration-ms="1526" status="PASS">
          <params>
            <param index="0">
              <value>
                <![CDATA[methevlogger000@gmail.com]]>
              </value>
            </param>
            <param index="1">
              <value>
                <![CDATA[Admin@123]]>
              </value>
            </param>
          </params>
          <reporter-output>
          </reporter-output>
        </test-method> <!-- verifyLoginWithValidCredentials -->
        <test-method is-config="true" signature="tearDown()[pri:0, instance:com.tutorialsninja.qa.testcases.Login@24269709]" started-at="2026-03-23T22:36:35 IST" name="tearDown" finished-at="2026-03-23T22:36:36 IST" duration-ms="1382" status="PASS">
          <reporter-output>
          </reporter-output>
        </test-method> <!-- tearDown -->
        <test-method is-config="true" signature="setup()[pri:0, instance:com.tutorialsninja.qa.testcases.Login@24269709]" started-at="2026-03-23T22:36:36 IST" name="setup" finished-at="2026-03-23T22:36:39 IST" duration-ms="2727" status="PASS">
          <reporter-output>
          </reporter-output>
        </test-method> <!-- setup -->
        <test-method signature="verifyLoginWithInvalidCredentials()[pri:2, instance:com.tutorialsninja.qa.testcases.Login@24269709]" started-at="2026-03-23T22:36:39 IST" name="verifyLoginWithInvalidCredentials" finished-at="2026-03-23T22:36:40 IST" duration-ms="1295" status="PASS">
          <reporter-output>
          </reporter-output>
        </test-method> <!-- verifyLoginWithInvalidCredentials -->
        <test-method is-config="true" signature="tearDown()[pri:0, instance:com.tutorialsninja.qa.testcases.Login@24269709]" started-at="2026-03-23T22:36:40 IST" name="tearDown" finished-at="2026-03-23T22:36:41 IST" duration-ms="1282" status="PASS">
          <reporter-output>
          </reporter-output>
        </test-method> <!-- tearDown -->
        <test-method is-config="true" signature="setup()[pri:0, instance:com.tutorialsninja.qa.testcases.Login@24269709]" started-at="2026-03-23T22:36:41 IST" name="setup" finished-at="2026-03-23T22:36:45 IST" duration-ms="3654" status="PASS">
          <reporter-output>
          </reporter-output>
        </test-method> <!-- setup -->
        <test-method signature="verifyLoginWithInvalidEmailAndValidPassword()[pri:3, instance:com.tutorialsninja.qa.testcases.Login@24269709]" started-at="2026-03-23T22:36:45 IST" name="verifyLoginWithInvalidEmailAndValidPassword" finished-at="2026-03-23T22:36:47 IST" duration-ms="2069" status="PASS">
          <reporter-output>
          </reporter-output>
        </test-method> <!-- verifyLoginWithInvalidEmailAndValidPassword -->
        <test-method is-config="true" signature="tearDown()[pri:0, instance:com.tutorialsninja.qa.testcases.Login@24269709]" started-at="2026-03-23T22:36:47 IST" name="tearDown" finished-at="2026-03-23T22:36:48 IST" duration-ms="1272" status="PASS">
          <reporter-output>
          </reporter-output>
        </test-method> <!-- tearDown -->
        <test-method is-config="true" signature="setup()[pri:0, instance:com.tutorialsninja.qa.testcases.Login@24269709]" started-at="2026-03-23T22:36:48 IST" name="setup" finished-at="2026-03-23T22:36:51 IST" duration-ms="2455" status="PASS">
          <reporter-output>
          </reporter-output>
        </test-method> <!-- setup -->
        <test-method signature="verifyLoginWithValidEmailAndInvalidPassword()[pri:4, instance:com.tutorialsninja.qa.testcases.Login@24269709]" started-at="2026-03-23T22:36:51 IST" name="verifyLoginWithValidEmailAndInvalidPassword" finished-at="2026-03-23T22:36:52 IST" duration-ms="1220" status="PASS">
          <reporter-output>
          </reporter-output>
        </test-method> <!-- verifyLoginWithValidEmailAndInvalidPassword -->
        <test-method is-config="true" signature="tearDown()[pri:0, instance:com.tutorialsninja.qa.testcases.Login@24269709]" started-at="2026-03-23T22:36:52 IST" name="tearDown" finished-at="2026-03-23T22:36:53 IST" duration-ms="1386" status="PASS">
          <reporter-output>
          </reporter-output>
        </test-method> <!-- tearDown -->
        <test-method is-config="true" signature="setup()[pri:0, instance:com.tutorialsninja.qa.testcases.Login@24269709]" started-at="2026-03-23T22:36:53 IST" name="setup" finished-at="2026-03-23T22:36:56 IST" duration-ms="2523" status="PASS">
          <reporter-output>
          </reporter-output>
        </test-method> <!-- setup -->
        <test-method signature="verifyLoginWithEmptyCredentials()[pri:5, instance:com.tutorialsninja.qa.testcases.Login@24269709]" started-at="2026-03-23T22:36:56 IST" name="verifyLoginWithEmptyCredentials" finished-at="2026-03-23T22:36:57 IST" duration-ms="954" status="PASS">
          <reporter-output>
          </reporter-output>
        </test-method> <!-- verifyLoginWithEmptyCredentials -->
        <test-method is-config="true" signature="tearDown()[pri:0, instance:com.tutorialsninja.qa.testcases.Login@24269709]" started-at="2026-03-23T22:36:57 IST" name="tearDown" finished-at="2026-03-23T22:36:58 IST" duration-ms="1274" status="PASS">
          <reporter-output>
          </reporter-output>
        </test-method> <!-- tearDown -->
      </class> <!-- com.tutorialsninja.qa.testcases.Login -->
    </test> <!-- TutorialsNinja TestCases -->
  </suite> <!-- TutorialsNinja Automation Suite -->
</testng-results>
