<?xml version="1.0" encoding="UTF-8"?>
<!-- Generated by org.testng.reporters.JUnitReportReporter -->
<testsuite hostname="APARNA" failures="0" tests="5" name="com.tutorialsninja.qa.testcases.Login" time="27.556" errors="0" timestamp="2026-03-23T22:37:10 IST" skipped="0">
  <testcase classname="com.tutorialsninja.qa.testcases.Login" name="verifyLoginWithValidCredentials" time="5.431"/>
  <testcase classname="com.tutorialsninja.qa.testcases.Login" name="verifyLoginWithInvalidCredentials" time="5.218"/>
  <testcase classname="com.tutorialsninja.qa.testcases.Login" name="verifyLoginWithInvalidEmailAndValidPassword" time="5.806"/>
  <testcase classname="com.tutorialsninja.qa.testcases.Login" name="verifyLoginWithValidEmailAndInvalidPassword" time="6.146"/>
  <testcase classname="com.tutorialsninja.qa.testcases.Login" name="verifyLoginWithEmptyCredentials" time="4.955"/>
</testsuite> <!-- com.tutorialsninja.qa.testcases.Login -->
