<?xml version="1.0" encoding="UTF-8"?>
<!-- Generated by org.testng.reporters.JUnitReportReporter -->
<testsuite hostname="APARNA" failures="0" tests="4" name="com.tutorialsninja.qa.testcases.Register" time="34.049" errors="0" timestamp="2026-03-23T22:37:10 IST" skipped="0">
  <testcase classname="com.tutorialsninja.qa.testcases.Register" name="verifyRegisteringAccountWithMandatoryField" time="8.225"/>
  <testcase classname="com.tutorialsninja.qa.testcases.Register" name="verifyRegisteringAccountByProvidingAllFields" time="9.289"/>
  <testcase classname="com.tutorialsninja.qa.testcases.Register" name="verifyRegisteringAccountWithExistingEmailAddress" time="11.028"/>
  <testcase classname="com.tutorialsninja.qa.testcases.Register" name="verifyRegisteringAccountWithoutFilingAnyDetails" time="5.507"/>
</testsuite> <!-- com.tutorialsninja.qa.testcases.Register -->
