<?xml version="1.0" encoding="UTF-8"?>
<!-- Generated by org.testng.reporters.JUnitReportReporter -->
<testsuite hostname="APARNA" failures="0" tests="3" name="com.tutorialsninja.qa.testcases.Search" time="10.902" errors="0" timestamp="2026-03-23T22:37:10 IST" skipped="0">
  <testcase classname="com.tutorialsninja.qa.testcases.Search" name="verifySearchWithValidProduct" time="3.680"/>
  <testcase classname="com.tutorialsninja.qa.testcases.Search" name="verifySearchWithInvalidProduct" time="3.666"/>
  <testcase classname="com.tutorialsninja.qa.testcases.Search" name="verifySearchWithoutAnyProduct" time="3.556"/>
</testsuite> <!-- com.tutorialsninja.qa.testcases.Search -->
